         w _ITM_deregisterTMCloneTable
         w _ITM_registerTMCloneTable
         w _Jv_RegisterClasses
         w __deregister_frame_info
         w __register_frame_info
00100000 T __start__
00100000 T _start
00100008 T __service_ptr
0010000c T __apt_appid
00100010 T __heap_size
00100014 T __linear_heap_size
00100018 T __system_arglist
0010001c T __system_runflags
00100020 t startup
00100058 t ClearMem
0010006c t ClrLoop
00100094 T _init
001000ac t deregister_tm_clones
001000dc t register_tm_clones
00100114 t __do_global_dtors_aux
00100158 t frame_dummy
001001b4 00000064 t apt_hook_func
00100218 000001b4 t sf2d_init_advanced.part.0
001003cc 00000028 T sf2d_init
001003f4 00000020 T sf2d_init_advanced
00100414 00000064 T sf2d_fini
00100478 0000000c T sf2d_set_3D
00100484 00000190 T sf2d_start_frame
00100614 00000118 T sf2d_end_frame
0010072c 000000b0 T sf2d_swapbuffers
001007dc 00000010 T sf2d_set_vblank_wait
001007ec 00000010 T sf2d_get_fps
001007fc 0000002c T sf2d_pool_malloc
00100828 00000040 T sf2d_pool_memalign
00100868 00000018 T sf2d_pool_space_free
00100880 00000014 T sf2d_pool_reset
00100894 00000010 T sf2d_set_clear_color
001008a4 0000004c T sf2d_set_scissor_test
001008f0 00000010 T sf2d_get_current_screen
00100900 00000010 T sf2d_get_current_side
00100910 000001d4 T sf2d_draw_line
00100ae4 000001b4 T sf2d_draw_rectangle
00100c98 00000250 T sf2d_draw_rectangle_rotate
00100ee8 000001e4 T sf2d_draw_fill_circle
001010cc 00000034 T GPU_SetDummyTexEnv
00101100 00000084 T vector_mult_matrix4x4
00101184 00000050 T matrix_gpu_set_uniform
001011d4 0000003c T matrix_copy
00101210 0000004c T matrix_identity4x4
0010125c 00000074 T matrix_mult4x4
001012d0 00000074 T matrix_set_z_rotation
00101344 00000060 T matrix_rotate_z
001013a4 0000004c T matrix_set_scaling
001013f0 000000a0 T matrix_swap_xy
00101490 00000114 T matrix_init_orthographic
001015a4 00000020 T next_pow2
001015c4 00000124 t sf2d_texture_tile32.part.3
001016e8 00000134 T sf2d_create_texture
0010181c 00000050 T sf2d_free_texture
0010186c 000000b8 T sf2d_fill_texture_from_RGBA8
00101924 00000044 T sf2d_create_texture_mem_RGBA8
00101968 00000078 T sf2d_bind_texture
001019e0 00000080 T sf2d_bind_texture_color
00101a60 00000078 T sf2d_bind_texture_parameters
00101ad8 0000013c T sf2d_draw_texture
00101c14 00000140 T sf2d_draw_texture_blend
00101d54 000001ac T sf2d_draw_texture_rotate_hotspot
00101f00 000001b0 T sf2d_draw_texture_rotate_hotspot_blend
001020b0 000001c0 T sf2d_draw_texture_rotate
00102270 000001c4 T sf2d_draw_texture_rotate_blend
00102434 00000178 T sf2d_draw_texture_part
001025ac 0000017c T sf2d_draw_texture_part_blend
00102728 00000164 T sf2d_draw_texture_scale
0010288c 00000168 T sf2d_draw_texture_scale_blend
001029f4 00000150 T sf2d_draw_texture_part_scale
00102b44 00000154 T sf2d_draw_texture_part_scale_blend
00102c98 00000214 T sf2d_draw_texture_part_rotate_scale
00102eac 00000218 T sf2d_draw_texture_part_rotate_scale_blend
001030c4 0000015c T sf2d_draw_texture_depth
00103220 00000160 T sf2d_draw_texture_depth_blend
00103380 00000128 T sf2d_draw_quad_uv
001034a8 00000094 T sf2d_set_pixel
0010353c 00000090 T sf2d_get_pixel
001035cc 00000010 T sf2d_texture_tile32
001035dc 00000024 t addrMapNodeComparator(rbtree_node const*, rbtree_node const*)
00103600 00000004 t addrMapNodeDestructor(rbtree_node*)
00103604 00000140 T linearMemAlign
00103744 00000008 T linearAlloc
0010374c 00000008 T linearRealloc
00103754 00000050 T linearFree
001037a4 0000000c T linearSpaceFree
001037b0 000000a0 T MemPool::CoalesceRight(MemBlock*)
00103850 00000188 T MemPool::Allocate(MemChunk&, unsigned long, int)
001039d8 00000104 T MemPool::Deallocate(MemChunk const&)
00103adc 00000030 T MemPool::GetFreeSpace()
00103b0c 00000024 t addrMapNodeComparator(rbtree_node const*, rbtree_node const*)
00103b30 00000004 t addrMapNodeDestructor(rbtree_node*)
00103b34 00000130 T vramMemAlign
00103c64 00000008 T vramAlloc
00103c6c 00000008 T vramRealloc
00103c74 00000050 T vramFree
00103cc4 0000000c T vramSpaceFree
00103cd0 0000008c t gfxSetFramebufferInfo.part.0
00103d5c 00000010 T gfxSet3D
00103d6c 00000018 T gfxSetScreenFormat
00103d84 00000018 T gfxGetScreenFormat
00103d9c 00000014 T gfxSetDoubleBuffering
00103db0 00000070 T gfxSetFramebufferInfo
00103e20 000000c4 T gfxWriteFramebufferInfo
00103ee4 000001e0 T gfxInit
001040c4 00000010 T gfxInitDefault
001040d4 000000cc T gfxExit
001041a0 000000b0 T gfxGetFramebuffer
00104250 000000dc T gfxFlushBuffers
0010432c 00000074 T gfxSwapBuffers
001043a0 0000005c T gfxSwapBuffersGpu
00104400 00000058 t getSysTime
00104458 0000004c T osConvertVirtToPhys
001044a4 00000020 T osConvertOldLINEARMemToNew
001044c4 000000f8 T __libctru_gtod
001045bc 00000074 T osGetTime
00104630 00000014 T osGetFirmVersion
00104644 00000014 T osGetKernelVersion
00104658 00000020 T osStrError
00104678 00000010 T osGetWifiStrength
00104688 00000028 t f32tof24.part.0
001046b0 0000002c T GPU_Init
001046dc 0000002c T GPUCMD_SetBuffer
00104708 00000010 T GPUCMD_SetBufferOffset
00104718 00000040 T GPUCMD_GetBuffer
00104758 0000004c T GPUCMD_AddRawCommands
001047a4 00000060 T GPUCMD_Run
00104804 00000074 T GPUCMD_FlushAndRun
00104878 000000e4 T GPUCMD_Add
0010495c 00000098 T GPUCMD_Finalize
001049f4 000007e0 T GPU_Reset
001051d4 00000078 T GPU_SetFloatUniform
0010524c 00000018 T f32tof24
00105264 000000a8 T computeInvValue
0010530c 0000021c T GPU_SetViewport
00105528 0000004c T GPU_SetScissorTest
00105574 00000098 T GPU_DepthMap
0010560c 00000038 T GPU_SetAlphaTest
00105644 00000048 T GPU_SetStencilTest
0010568c 00000034 T GPU_SetStencilOp
001056c0 00000038 T GPU_SetDepthTestAndWriteMask
001056f8 00000068 T GPU_SetAlphaBlending
00105760 00000044 T GPU_SetColorLogicOp
001057a4 0000003c T GPU_SetBlendingColor
001057e0 0000004c T GPU_SetTextureEnable
0010582c 00000198 T GPU_SetTexture
001059c4 00000094 T GPU_SetTextureBorderColor
00105a58 000001fc T GPU_SetAttributeBuffers
00105c54 0000002c T GPU_SetAttributeBuffersAddress
00105c80 0000002c T GPU_SetFaceCulling
00105cac 00000034 T GPU_SetCombinerBufferWrite
00105ce0 00000078 T GPU_SetTexEnv
00105d58 00000114 T GPU_DrawArray
00105e6c 0000011c T GPU_DrawElements
00105f88 0000005c T GPU_FinishDrawing
00105fe4 00000048 T GPU_SetShaderOutmap
0010602c 000000b8 T GPU_SendShaderCode
001060e4 00000074 T GPU_SendOperandDescriptors
00106158 00000208 T shaderInstanceInit
00106360 00000038 T shaderInstanceFree
00106398 00000040 T shaderInstanceSetBool
001063d8 0000004c T shaderInstanceGetBool
00106424 00000020 T shaderInstanceGetUniformLocation
00106444 00000018 T shaderProgramInit
0010645c 00000030 T shaderProgramFree
0010648c 0000006c T shaderProgramSetVsh
001064f8 00000074 T shaderProgramSetGsh
0010656c 000003e0 T shaderProgramUse
0010694c 0000003c T DVLB_Free
00106988 0000007c T DVLE_GetUniformRegister
00106a04 000000f8 T DVLE_GenerateOutmap
00106afc 00000198 T DVLB_ParseFile
00106c94 00000064 t __apt_initservicehandle
00106cf8 00000004 W _aptDebug
00106cfc 000000b0 T aptInitCaptureInfo
00106dac 00000028 T aptWaitStatusEvent
00106dd4 00000038 T aptHook
00106e0c 0000002c T aptUnhook
00106e38 00000038 T aptGetStatus
00106e70 00000064 T aptSetStatus
00106ed4 00000038 T aptGetStatusPower
00106f0c 00000038 T aptSetStatusPower
00106f44 00000024 T aptOpenSession
00106f68 00000028 T aptCloseSession
00106f90 00000010 T aptSignalReadyForSleep
00106fa0 00000050 T APT_GetLockHandle
00106ff0 00000068 T APT_Initialize
00107058 0000003c T APT_Finalize
00107094 00000034 T APT_HardwareResetAsync
001070c8 0000003c T APT_Enable
00107104 00000080 T APT_GetAppletManInfo
00107184 0000003c T aptGetMenuAppID
001071c0 00000050 T APT_IsRegistered
00107210 00000050 T APT_InquireNotification
00107260 00000034 T APT_PrepareToJumpToHomeMenu
00107294 00000050 T APT_JumpToHomeMenu
001072e4 0000003c T APT_PrepareToJumpToApplication
00107320 00000050 T APT_JumpToApplication
00107370 0000003c T APT_NotifyToWait
001073ac 00000088 T APT_AppletUtility
00107434 00000120 T aptAppletUtility_Exit_RetToApp
00107554 00000044 T aptAppletClosed
00107598 000000f8 t aptAppStarted
00107690 000001b8 T aptInit
00107848 00000074 T APT_GlanceParameter
001078bc 00000074 T APT_ReceiveParameter
00107930 00000070 T APT_SendParameter
001079a0 0000004c T APT_SendCaptureBufferInfo
001079ec 000001d4 T aptReturnToMenu
00107bc0 00000040 T APT_ReplySleepQuery
00107c00 0000003c T APT_ReplySleepNotificationComplete
00107c3c 0000030c T aptEventHandler
00107f48 0000003c T APT_PrepareToCloseApplication
00107f84 00000058 T APT_CloseApplication
00107fdc 000001ec T aptExit
001081c8 00000044 T APT_SetAppCpuTimeLimit
0010820c 00000054 T APT_GetAppCpuTimeLimit
00108260 0000005c T APT_CheckNew3DS_Application
001082bc 0000005c T APT_CheckNew3DS_System
00108318 00000074 T APT_CheckNew3DS
0010838c 0000004c T APT_PrepareToDoAppJump
001083d8 00000068 T APT_DoAppJump
00108440 0000003c T APT_PrepareToStartLibraryApplet
0010847c 00000060 T APT_StartLibraryApplet
001084dc 00000104 T aptAppletStarted
001085e0 00000178 T aptMainLoop
00108758 00000198 T APT_LaunchLibraryApplet
001088f0 0000003c T APT_PrepareToStartSystemApplet
0010892c 00000060 T APT_StartSystemApplet
0010898c 0000010c t gspEventThreadMain
00108a98 00000014 T gspInit
00108aac 00000018 T gspExit
00108ac4 000000cc T gspInitEventHandler
00108b90 00000058 T gspExitEventHandler
00108be8 00000058 T gspWaitForEvent
00108c40 00000070 T GSPGPU_WriteHWRegs
00108cb0 0000008c T GSPGPU_WriteHWRegsWithMask
00108d3c 00000070 T GSPGPU_ReadHWRegs
00108dac 00000074 T GSPGPU_SetBufferSwap
00108e20 00000054 T GSPGPU_FlushDataCache
00108e74 00000054 T GSPGPU_InvalidateDataCache
00108ec8 0000003c T GSPGPU_SetLcdForceBlack
00108f04 00000034 T GSPGPU_TriggerCmdReqQueue
00108f38 0000006c T GSPGPU_RegisterInterruptRelayQueue
00108fa4 00000034 T GSPGPU_UnregisterInterruptRelayQueue
00108fd8 00000050 T GSPGPU_AcquireRight
00109028 00000034 T GSPGPU_ReleaseRight
0010905c 00000084 T GSPGPU_ImportDisplayCaptureInfo
001090e0 00000034 T GSPGPU_SaveVramSysArea
00109114 00000034 T GSPGPU_RestoreVramSysArea
00109148 0000010c T GSPGPU_SubmitGxCommand
00109254 00000054 T GX_RequestDma
001092a8 00000068 T GX_SetCommandList_Last
00109310 00000074 T GX_SetMemoryFill
00109384 00000064 T GX_SetDisplayTransfer
001093e8 00000068 T GX_SetTextureCopy
00109450 00000068 T GX_SetCommandList_First
001094b8 000000a4 T hidExit
0010955c 00000058 T hidWaitForEvent
001095b4 0000003c T hidCheckSectionUpdateTime
001095f0 00000234 T hidScanInput
00109824 00000010 T hidKeysHeld
00109834 00000010 T hidKeysDown
00109844 00000010 T hidKeysUp
00109854 00000018 T hidTouchRead
0010986c 00000018 T hidCircleRead
00109884 00000020 T hidAccelRead
001098a4 00000020 T hidGyroRead
001098c4 00000090 T HIDUSER_GetHandles
00109954 00000134 T hidInit
00109a88 0000002c T HIDUSER_EnableAccelerometer
00109ab4 0000002c T HIDUSER_DisableAccelerometer
00109ae0 0000002c T HIDUSER_EnableGyroscope
00109b0c 0000002c T HIDUSER_DisableGyroscope
00109b38 0000003c T HIDUSER_GetGyroscopeRawToDpsCoefficient
00109b74 00000038 T HIDUSER_GetSoundVolume
00109bac 0000004c T irrstWaitForEvent
00109bf8 0000003c T irrstCheckSectionUpdateTime
00109c34 000000b4 T irrstScanInput
00109ce8 00000018 T irrstKeysHeld
00109d00 00000018 T irrstCstickRead
00109d18 00000050 T IRRST_GetHandles
00109d68 00000038 T IRRST_Initialize
00109da0 000000e4 T irrstInit
00109e84 0000002c T IRRST_Shutdown
00109eb0 00000084 T irrstExit
00109f34 00000070 T rbtree_find
00109fa4 00000014 T rbtree_init
00109fb8 000001e4 t do_insert
0010a19c 00000008 T rbtree_insert
0010a1a4 00000008 T rbtree_insert_multi
0010a1ac 00000340 T rbtree_remove
0010a4ec 000000ac T rbtree_rotate
0010a598 000000a4 W __system_allocateHeaps
0010a63c 000000f4 T __system_initArgv
0010a730 0000004c W __libctru_init
0010a780 T svcControlMemory
0010a7a0 T svcQueryMemory
0010a7d0 T svcExitProcess
0010a7d8 T svcCreateThread
0010a7f8 T svcExitThread
0010a800 T svcSleepThread
0010a808 T svcGetThreadPriority
0010a81c T svcSetThreadPriority
0010a824 T svcGetThreadAffinityMask
0010a82c T svcSetThreadAffinityMask
0010a834 T svcGetThreadIdealProcessor
0010a848 T svcSetThreadIdealProcessor
0010a850 T svcGetProcessorID
0010a858 T svcCreateMutex
0010a86c T svcReleaseMutex
0010a874 T svcCreateSemaphore
0010a888 T svcReleaseSemaphore
0010a89c T svcCreateEvent
0010a8b0 T svcSignalEvent
0010a8b8 T svcClearEvent
0010a8c0 T svcCreateTimer
0010a8d4 T svcSetTimer
0010a8dc T svcCancelTimer
0010a8e4 T svcClearTimer
0010a8ec T svcCreateMemoryBlock
0010a904 T svcMapMemoryBlock
0010a90c T svcUnmapMemoryBlock
0010a914 T svcCreateAddressArbiter
0010a928 T svcArbitrateAddress
0010a948 T svcCloseHandle
0010a950 T svcWaitSynchronization
0010a958 T svcWaitSynchronizationN
0010a980 T svcDuplicateHandle
0010a994 T svcGetSystemTick
0010a99c T svcGetSystemInfo
0010a9b4 T svcGetProcessInfo
0010a9cc T svcGetThreadInfo
0010a9e4 T svcConnectToPort
0010a9f8 T svcSendSyncRequest
0010aa00 T svcOpenProcess
0010aa14 T svcOpenThread
0010aa28 T svcGetProcessId
0010aa3c T svcGetProcessIdOfThread
0010aa50 T svcGetThreadId
0010aa64 T svcOutputDebugString
0010aa6c T svcCreatePort
0010aa8c T svcDebugActiveProcess
0010aaa0 T svcBreakDebugProcess
0010aaa8 T svcTerminateDebugProcess
0010aab0 T svcGetProcessDebugEvent
0010aab8 T svcContinueDebugEvent
0010aac0 T svcGetProcessList
0010aae0 T svcReadProcessMemory
0010aae8 T svcWriteProcessMemory
0010aaf0 T svcControlProcessMemory
0010ab08 T svcMapProcessMemory
0010ab10 T svcUnmapProcessMemory
0010ab18 T svcBackdoor
0010ab20 T svcQueryProcessMemory
0010ab50 T initSystem
0010ab94 T __ctru_exit
0010abb4 00000098 T __get_handle_from_list
0010ac4c 00000054 T __destroy_handle_list
0010aca0 00000028 T srvExit
0010acc8 0000000c T srvGetSessionHandle
0010acd4 00000038 T srvRegisterClient
0010ad0c 00000068 T srvInit
0010ad74 00000080 T srvGetServiceHandle
0010adf4 0000005c T srvRegisterService
0010ae50 0000004c T srvUnregisterService
0010ae9c 00000054 T srvPmInit
0010aef0 00000048 T srvRegisterProcess
0010af38 00000034 T srvUnregisterProcess
0010af6c 0000008c T rbtree_node_next
0010aff8 0000008c T rbtree_node_prev
0010b084 0000001c W __appExit
0010b0a0 00000020 W __appInit
0010b0c0 00000090 W __libctru_exit
0010b150 00000010 t sdmc_link
0010b160 00000010 t sdmc_dirreset
0010b170 00000010 t sdmc_chmod
0010b180 00000010 t sdmc_fchmod
0010b190 00000024 t error_cmp
0010b1b4 00000050 t sdmc_translate_error
0010b204 00000030 t sdmc_fsync
0010b234 00000050 t sdmc_ftruncate
0010b284 000000c0 t sdmc_statvfs
0010b344 00000034 t sdmc_dirclose
0010b378 000000dc t sdmc_dirnext
0010b454 00000030 t sdmc_close
0010b484 0000006c t sdmc_fstat
0010b4f0 000000bc t sdmc_seek
0010b5ac 00000090 t sdmc_read
0010b63c 0000010c t sdmc_write
0010b748 000001a8 t sdmc_utf16path
0010b8f0 00000080 t sdmc_rmdir
0010b970 0000009c t sdmc_diropen
0010ba0c 000000a8 t sdmc_chdir
0010bab4 00000080 t sdmc_mkdir
0010bb34 0000013c t sdmc_rename
0010bc70 00000080 t sdmc_unlink
0010bcf0 00000134 t sdmc_stat
0010be24 000001a8 t sdmc_open
0010bfcc 00000130 T sdmcInit
0010c0fc 00000050 T sdmcExit
0010c14c 0000002c T FS_makePath
0010c178 00000024 T fsExit
0010c19c 0000000c T fsGetSessionHandle
0010c1a8 00000074 T FSUSER_Initialize
0010c21c 0000006c T fsInit
0010c288 000000ac T FSUSER_OpenFile
0010c334 000000cc T FSUSER_OpenFileDirectly
0010c400 00000088 T FSUSER_DeleteFile
0010c488 000000c4 T FSUSER_RenameFile
0010c54c 00000088 T FSUSER_DeleteDirectory
0010c5d4 00000088 T FSUSER_DeleteDirectoryRecursively
0010c65c 00000098 T FSUSER_CreateFile
0010c6f4 0000008c T FSUSER_CreateDirectory
0010c780 000000c4 T FSUSER_RenameDirectory
0010c844 00000094 T FSUSER_OpenDirectory
0010c8d8 00000088 T FSUSER_OpenArchive
0010c960 00000058 T FSUSER_CloseArchive
0010c9b8 0000007c T FSUSER_GetSdmcArchiveResource
0010ca34 0000007c T FSUSER_GetNandArchiveResource
0010cab0 0000004c T FSUSER_IsSdmcDetected
0010cafc 0000004c T FSUSER_IsSdmcWritable
0010cb48 00000044 T FSFILE_Close
0010cb8c 0000005c T FSFILE_Read
0010cbe8 00000064 T FSFILE_Write
0010cc4c 00000040 T FSFILE_GetSize
0010cc8c 0000002c T FSFILE_SetSize
0010ccb8 00000038 T FSFILE_GetAttributes
0010ccf0 00000028 T FSFILE_SetAttributes
0010cd18 00000024 T FSFILE_Flush
0010cd3c 00000054 T FSDIR_Read
0010cd90 00000044 T FSDIR_Close
0010cdd4 00000138 T decode_utf8
0010cf0c 000000e8 T utf16_to_utf8
0010cff4 000000b8 T utf8_to_utf16
0010d0ac 00000060 T decode_utf16
0010d10c 00000068 T encode_utf16
0010d174 00000104 T encode_utf8
0010d278 0000019c T __aeabi_frsub
0010d280 00000194 T __aeabi_fsub
0010d280 00000194 T __subsf3
0010d284 00000190 T __addsf3
0010d284 00000190 T __aeabi_fadd
0010d414 00000028 T __aeabi_ui2f
0010d414 00000028 T __floatunsisf
0010d41c 00000020 T __aeabi_i2f
0010d41c 00000020 T __floatsisf
0010d43c 0000008c T __aeabi_ul2f
0010d43c 0000008c T __floatundisf
0010d44c 0000007c T __aeabi_l2f
0010d44c 0000007c T __floatdisf
0010d4e8 00000390 T strcmp
0010d880 00000018 T setDefaultDevice
0010d898 000000ac T FindDevice
0010d944 0000002c T RemoveDevice
0010d970 00000094 T AddDevice
0010da04 00000024 T GetDeviceOpTab
0010da28 0000002c T _gettimeofday_r
0010da54 00000070 T _sbrk_r
0010dac4 000001bc T _concatenate_path
0010dc80 00000148 T chdir
0010ddc8 000000a0 T getcwd
0010de68 00000018 T __libc_lock_init
0010de80 00000018 T __libc_lock_acquire
0010de98 00000024 T __libc_lock_try_acquire
0010debc 00000018 T __libc_lock_release
0010ded4 00000018 T __libc_lock_close
0010deec 00000018 T __libc_lock_init_recursive
0010df04 00000018 T __libc_lock_acquire_recursive
0010df1c 00000024 T __libc_lock_try_acquire_recursive
0010df40 00000018 T __libc_lock_release_recursive
0010df58 00000018 T __libc_lock_close_recursive
0010df70 00000028 T __getreent
0010df98 000002ec T main
0010e284 000000a8 T cosf
0010e32c 000000b0 T sinf
0010e3dc 000002e0 T __ieee754_rem_pio2f
0010e6bc 00000124 T __kernel_cosf
0010e7e0 00000838 T __kernel_rem_pio2f
0010f018 000000a0 T __kernel_sinf
0010f0b8 00000010 T fabsf
0010f0c8 000000b8 T floorf
0010f180 00000118 T scalbnf
0010f298 0000001c T copysignf
0010f2b4 00000078 T bsearch
0010f32c 00000040 T __libc_fini_array
0010f36c 00000078 T __libc_init_array
0010f3e4 00000018 T malloc
0010f3fc 00000018 T free
0010f414 00000740 T _malloc_r
0010fb54 000000f4 T memcpy
0010fc48 000000f0 T memset
0010fd38 00000004 T __malloc_lock
0010fd3c 00000004 T __malloc_unlock
0010fd40 0000001c T srand
0010fd5c 00000044 T rand
0010fda0 000000f0 T strcpy
0010fe90 0000005c T strlen
0010feec 000000a4 T strncat
0010ff90 000000e0 T strncpy
00110070 00000040 T time
001100b0 000000f8 T _malloc_trim_r
001101a8 000002b4 T _free_r
0011045c 0000016c T strchr
001105c8 00000110 T strncmp
001106d8 0000005c T strnlen
00110734 00000044 T strrchr
00110778 T _fini
00111000 00010010 R citra_img
00121010 00010948 R dice_img
00131958 00000030 r CSWTCH.23
00131988 R shader_vsh_shbin
00131adb R shader_vsh_shbin_end
00131adc R shader_vsh_shbin_size
00131ae0 00000014 r CSWTCH.18
00131af4 0000002c r CSWTCH.12
00131b20 00000004 R GPU_FORMATSIZE
00131b24 00000006 R GPU_TEVID
00131b34 00000024 r CSWTCH.14
00131b58 0000000c r __apt_servicenames
00131b64 00000030 r error_table
00131b94 00000068 R dotab_stdnull
00131bfc 00000003 R DIRECTORY_PARENT
00131c00 00000002 R DIRECTORY_THIS
00131c04 00000002 R DIRECTORY_SEPARATOR
00131d3c 00000080 r npio2_hw
00131dbc 00000318 r two_over_pi
001320d4 0000000c r init_jk
001320e0 0000002c r PIo2
00132118 00000004 R _global_impure_ptr
0013211c R __exidx_end
0013211c R __exidx_start
00133000 D __dso_handle
00133004 00000004 d projection_desc
00133008 00000004 d vblank_wait
0013300c 00000004 d clear_color
00133010 00000001 d topFormat
00133011 00000001 d botFormat
00133014 00000008 d doubleBuf
0013301c 00000004 D gpuResetSequenceLength
00133020 00000538 D gpuResetSequence
00133558 W __stacksize__
0013355c 00001001 d __cwd
00134560 00000018 d sdmcArchive
00134578 00000068 d sdmc_devoptab
001345e0 00000004 d defaultDevice
001345e4 00000040 D devoptab_list
00134624 00001000 d _current_working_directory
00135624 00000408 D __malloc_av_
00135a2c 00000004 D __malloc_trim_threshold
00135a30 00000004 D __malloc_sbrk_base
00135a38 00000428 d impure_data
00135e60 00000004 D _impure_ptr
00135e64 d __EH_FRAME_BEGIN__
00135ed4 d __FRAME_END__
00135ed8 d __JCR_END__
00135ed8 d __JCR_LIST__
00135edc D __TMC_END__
00135edc d __TMC_LIST__
00135edc t __frame_dummy_init_array_entry
00135edc T __init_array_start
00135edc T __preinit_array_end
00135edc T __preinit_array_start
00135ee0 t __do_global_dtors_aux_fini_array_entry
00135ee0 T __fini_array_start
00135ee0 T __init_array_end
00135ee4 T __bss_start__
00135ee4 T __fini_array_end
00135ee4 b completed.8113
00135ee8 b object.8118
00135f00 00000004 b gpu_cmd
00135f04 00000004 b gpu_cmd_size
00135f08 0000000c b shader
00135f14 00000001 b cur_screen
00135f18 00000040 b ortho_matrix_top
00135f58 00000040 b ortho_matrix_bot
00135f98 00000004 b gpu_fb_addr
00135f9c 00000004 b gpu_depth_fb_addr
00135fa0 00000004 b pool_addr
00135fa4 00000004 b pool_size
00135fa8 00000004 b dvlb
00135fac 0000000c b apt_hook_cookie
00135fb8 00000004 b current_fps
00135fbc 00000004 b frames
00135fc0 00000008 b last_time
00135fc8 00000001 b cur_side
00135fcc 00000004 b pool_index
00135fd0 00000004 b sf2d_initialized
00135fd8 00000008 b sLinearPool
00135fe0 0000000c b sAddrMap
00135fec 00000008 b sVramPool
00135ff4 0000000c b sAddrMap
00136000 00000001 b enable3d
00136004 00000004 B screenFree
00136008 00000002 b currentBuffer
0013600c 00000200 b zero.5377
0013620c 00000200 b param.5376
0013640c 00000004 b __apt_servicestr
00136410 00000004 B aptStatusEvent
00136414 0000000c b aptFirstHook
00136420 00000001 B aptStatus
00136424 00000004 B aptStatusPower
00136428 00000004 B aptSleepSync
0013642c 00000001 b aptInitialised
0013642e 00000002 b __apt_launchapplet_appID
00136430 00000020 b __ns_capinfo
00136450 00000001 B aptStatusBeforeSleep
00136454 00000004 b __apt_launchapplet_parambuf
00136458 00000004 b __apt_launchapplet_parambufsize
0013645c 00000004 b __apt_new3dsflag_initialized
00136460 00000001 b __apt_new3dsflag
00136464 00000004 b __apt_launchapplet_inhandle
00136468 00000004 b gspEvent
0013646c 00000004 b gspEventData
00136470 00000004 B gspGpuHandle
00136474 00000001 b hidInitialised
00136478 00000004 b kOld
0013647c 00000004 b kHeld
00136480 00000004 b cPos
00136484 00000004 b tPos
00136488 00000006 b aVec
00136490 00000006 b gRate
00136498 00000004 b kDown
0013649c 00000004 b kUp
001364a0 00000001 b irrstUsed
001364a4 00000004 b kHeld
001364a8 00000004 b csPos
001364ac b saved_stack
001364b4 00000004 b g_srv_handle
001364b8 00002000 b tmp_buffer.5991
001384b8 00001001 b __fixedpath
001394bc 00002002 b __utf16path
0013b4c0 00002002 b __utf16path_old.6062
0013d4c2 00000001 b sdmcInitialised
0013d4c4 00000001 b fsInitialised
0013d4c8 00000004 b fsuHandle
0013d4cc 00000004 b heap_start.5558
0013d4d0 00000004 B fake_heap_start
0013d4d4 00000004 B fake_heap_end
0013d4d8 00001000 b temp_cwd
0013e4d8 00000040 B __syscalls
0013e518 00000004 B __malloc_max_total_mem
0013e51c 00000004 B __malloc_max_sbrked_mem
0013e520 00000004 B __malloc_top_pad
0013e524 00000028 B __malloc_current_mallinfo
0013e54c 00000008 B gfxBottomFramebuffers
0013e554 00000004 B gspSharedMemHandle
0013e558 0000001c B bottomFramebufferInfo
0013e574 00000004 B gspEvent
0013e578 00000008 B gfxTopLeftFramebuffers
0013e580 00000008 B gfxTopRightFramebuffers
0013e588 0000001c B topFramebufferInfo
0013e5a4 00000001 B gfxThreadID
0013e5a8 00000004 B gfxSharedMemory
0013e5ac 00000004 B gpuCmdBuf
0013e5b0 00000004 B gpuCmdBufOffset
0013e5b4 00000004 B gpuCmdBufSize
0013e5b8 00000004 B aptEventHandlerThread
0013e5bc 00001000 B aptParameters
0013f5c0 00001000 B aptEventHandlerStack
001405c0 00000004 B aptuHandle
001405c4 0000000c B aptEvents
001405d0 00000004 B aptStatusMutex
001405d4 00000004 B aptLockHandle
001405d8 00000002 B currentAppId
001405e0 00001000 B gspEventStack
001415e0 00000004 B gspEventThread
001415e4 0000001c B gspEventCounts
00141600 0000001c B gspEvents
0014161c 00000001 B gspRunEvents
00141620 00000004 B gxCmdBuf
00141624 00000004 B hidMemHandle
00141628 00000004 B hidHandle
0014162c 00000004 B hidSharedMem
00141630 00000014 B hidEvents
00141644 00000004 B irrstHandle
00141648 00000004 B irrstEvent
0014164c 00000004 B irrstMemHandle
00141650 00000004 B irrstSharedMem
00141654 00000004 B __heapBase
00141658 00000004 B __linear_heap
0014165c 00000004 B __system_argv
00141660 00000004 B __system_argc
00141664 00000004 B __system_retAddr
00141668 B __bss_end__
00141668 A __end__
